2026-04-11 00:26:10,966 INFO: Microblog startup [in C:\Users\Euan\Desktop\Flask\app\__init__.py:45]
2026-04-11 00:27:13,398 INFO: Microblog startup [in C:\Users\Euan\Desktop\Flask\app\__init__.py:45]
2026-04-11 00:30:01,737 INFO: Microblog startup [in C:\Users\Euan\Desktop\Flask\app\__init__.py:45]
2026-04-11 00:35:41,366 INFO: Microblog startup [in C:\Users\Euan\Desktop\Flask\app\__init__.py:45]
2026-04-11 10:17:51,202 INFO: Microblog startup [in C:\Users\Euan\Desktop\Flask\app\__init__.py:45]
2026-04-11 10:18:03,735 INFO: Microblog startup [in C:\Users\Euan\Desktop\Flask\app\__init__.py:45]
2026-04-11 18:15:30,672 INFO: Microblog startup [in C:\Users\Euan\Desktop\Flask\app\__init__.py:45]
2026-04-11 18:17:38,490 INFO: Microblog startup [in C:\Users\Euan\Desktop\Flask\app\__init__.py:45]
2026-04-11 18:18:39,828 ERROR: Exception on /test500 [GET] [in C:\Users\Euan\Desktop\Flask\.venv\Lib\site-packages\flask\app.py:875]
Traceback (most recent call last):
  File "C:\Users\Euan\Desktop\Flask\.venv\Lib\site-packages\flask\app.py", line 1511, in wsgi_app
    response = self.full_dispatch_request()
  File "C:\Users\Euan\Desktop\Flask\.venv\Lib\site-packages\flask\app.py", line 919, in full_dispatch_request
    rv = self.handle_user_exception(e)
  File "C:\Users\Euan\Desktop\Flask\.venv\Lib\site-packages\flask\app.py", line 917, in full_dispatch_request
    rv = self.dispatch_request()
  File "C:\Users\Euan\Desktop\Flask\.venv\Lib\site-packages\flask\app.py", line 902, in dispatch_request
    return self.ensure_sync(self.view_functions[rule.endpoint])(**view_args)  # type: ignore[no-any-return]
           ~~~~~~~~~~~~~~~~~~~~~~~~~~~~~~~~~~~~~~~~~~~~~~~~~~~~^^^^^^^^^^^^^
  File "C:\Users\Euan\Desktop\Flask\app\routes.py", line 97, in test500
    1 / 0
    ~~^~~
ZeroDivisionError: division by zero
2026-04-11 18:21:20,711 INFO: Microblog startup [in C:\Users\Euan\Desktop\Flask\app\__init__.py:45]
2026-04-11 18:24:23,330 INFO: Microblog startup [in C:\Users\Euan\Desktop\Flask\app\__init__.py:45]
